1537818265128	mozrunner::runner	INFO	Running command: "/Applications/Firefox.app/Contents/MacOS/firefox-bin" "-marionette" "-foreground" "-no-remote" "-profile" "/var/folders/84/zd77fql93psgwwm74fpvd3l10lxmwx/T/rust_mozprofile.efn85wILLjBn"
2018-09-24 13:44:27.420 plugin-container[73208:508429] *** CFMessagePort: bootstrap_register(): failed 1100 (0x44c) 'Permission denied', port = 0x9607, name = 'com.apple.tsm.portname'
See /usr/include/servers/bootstrap_defs.h for the error codes.
2018-09-24 13:44:27.731 plugin-container[73209:508464] *** CFMessagePort: bootstrap_register(): failed 1100 (0x44c) 'Permission denied', port = 0x990f, name = 'com.apple.tsm.portname'
See /usr/include/servers/bootstrap_defs.h for the error codes.
1537818268041	Marionette	INFO	Listening on port 65477
1537818268114	Marionette	WARN	TLS certificate errors will be ignored for this session
1537818268164	Marionette	DEBUG	[4294967297] Frame script loaded
1537818268172	Marionette	DEBUG	[4294967297] Frame script registered
1537818268210	Marionette	DEBUG	[4294967297] Received DOM event beforeunload for about:blank
1537818268542	Marionette	DEBUG	[4294967297] Received DOM event pagehide for about:blank
2018-09-24 13:44:29.022 plugin-container[73210:508574] *** CFMessagePort: bootstrap_register(): failed 1100 (0x44c) 'Permission denied', port = 0x922f, name = 'com.apple.tsm.portname'
See /usr/include/servers/bootstrap_defs.h for the error codes.
1537818269440	Marionette	DEBUG	[4294967297] Received DOM event DOMContentLoaded for https://selenium-python.readthedocs.io/getting-started.html
1537818270017	Marionette	DEBUG	[4294967297] Received DOM event pageshow for https://selenium-python.readthedocs.io/getting-started.html
1537818270105	Marionette	DEBUG	[4294967297] Received DOM event beforeunload for https://selenium-python.readthedocs.io/getting-started.html
1537818270117	Marionette	DEBUG	[4294967297] Received DOM event pagehide for https://selenium-python.readthedocs.io/getting-started.html
1537818270117	Marionette	DEBUG	[4294967297] Received DOM event unload for https://selenium-python.readthedocs.io/getting-started.html
1537818270355	Marionette	DEBUG	[4294967297] Received DOM event DOMContentLoaded for https://selenium-python.readthedocs.io/navigating.html
1537818270696	Marionette	DEBUG	[4294967297] Received DOM event pageshow for https://selenium-python.readthedocs.io/navigating.html
2018-09-24 13:44:37.438 plugin-container[73251:508829] *** CFMessagePort: bootstrap_register(): failed 1100 (0x44c) 'Permission denied', port = 0x933b, name = 'com.apple.tsm.portname'
See /usr/include/servers/bootstrap_defs.h for the error codes.
2018-09-24 13:48:12.271 firefox-bin[73207:508238] IMKInputSession presentFunctionRowItemTextInputViewWithEndpoint:completionHandler: : [self textInputContext]=0x0 *NO* NSRemoteViewController to client, NSError=Error Domain=NSCocoaErrorDomain Code=4099 "The connection from pid 0 was invalidated from this process." UserInfo={NSDebugDescription=The connection from pid 0 was invalidated from this process.}, com.apple.inputmethod.EmojiFunctionRowItem
2018-09-24 13:48:12.809 plugin-container[73719:512664] *** CFMessagePort: bootstrap_register(): failed 1100 (0x44c) 'Permission denied', port = 0x903b, name = 'com.apple.tsm.portname'
See /usr/include/servers/bootstrap_defs.h for the error codes.
1537818494460	Marionette	INFO	Stopped listening on port 65477
1538416350075	mozrunner::runner	INFO	Running command: "/Applications/Firefox.app/Contents/MacOS/firefox-bin" "-marionette" "-foreground" "-no-remote" "-profile" "/var/folders/84/zd77fql93psgwwm74fpvd3l10lxmwx/T/rust_mozprofile.ULRrZrlNLEKH"
2018-10-01 11:52:37.717 plugin-container[86190:3174860] *** CFMessagePort: bootstrap_register(): failed 1100 (0x44c) 'Permission denied', port = 0x9537, name = 'com.apple.tsm.portname'
See /usr/include/servers/bootstrap_defs.h for the error codes.
2018-10-01 11:52:37.946 plugin-container[86191:3174915] *** CFMessagePort: bootstrap_register(): failed 1100 (0x44c) 'Permission denied', port = 0x9837, name = 'com.apple.tsm.portname'
See /usr/include/servers/bootstrap_defs.h for the error codes.
1538416358559	Marionette	INFO	Listening on port 53509
1538416358645	Marionette	WARN	TLS certificate errors will be ignored for this session
1538416358689	Marionette	DEBUG	[4294967297] Frame script loaded
1538416358712	Marionette	DEBUG	[4294967297] Frame script registered
1538416358742	Marionette	DEBUG	[4294967297] Received DOM event beforeunload for about:blank
2018-10-01 11:52:39.118 plugin-container[86192:3175042] *** CFMessagePort: bootstrap_register(): failed 1100 (0x44c) 'Permission denied', port = 0x9233, name = 'com.apple.tsm.portname'
See /usr/include/servers/bootstrap_defs.h for the error codes.
1538416359179	Marionette	DEBUG	[4294967297] Received DOM event pagehide for about:blank
1538416360687	Marionette	DEBUG	[4294967297] Received DOM event DOMContentLoaded for https://selenium-python.readthedocs.io/getting-started.html
1538416361972	Marionette	DEBUG	[4294967297] Received DOM event pageshow for https://selenium-python.readthedocs.io/getting-started.html
1538416362118	Marionette	DEBUG	[4294967297] Received DOM event beforeunload for https://selenium-python.readthedocs.io/getting-started.html
1538416362130	Marionette	DEBUG	[4294967297] Received DOM event pagehide for https://selenium-python.readthedocs.io/getting-started.html
1538416362131	Marionette	DEBUG	[4294967297] Received DOM event unload for https://selenium-python.readthedocs.io/getting-started.html
1538416362691	Marionette	DEBUG	[4294967297] Received DOM event DOMContentLoaded for https://selenium-python.readthedocs.io/navigating.html
1538416363267	Marionette	DEBUG	[4294967297] Received DOM event pageshow for https://selenium-python.readthedocs.io/navigating.html
1538416544992	mozrunner::runner	INFO	Running command: "/Applications/Firefox.app/Contents/MacOS/firefox-bin" "-marionette" "-foreground" "-no-remote" "-profile" "/var/folders/84/zd77fql93psgwwm74fpvd3l10lxmwx/T/rust_mozprofile.8Foofclq9lFl"
2018-10-01 11:55:47.060 plugin-container[87940:3182077] *** CFMessagePort: bootstrap_register(): failed 1100 (0x44c) 'Permission denied', port = 0x9b37, name = 'com.apple.tsm.portname'
See /usr/include/servers/bootstrap_defs.h for the error codes.
2018-10-01 11:55:47.374 plugin-container[87941:3182106] *** CFMessagePort: bootstrap_register(): failed 1100 (0x44c) 'Permission denied', port = 0x983b, name = 'com.apple.tsm.portname'
See /usr/include/servers/bootstrap_defs.h for the error codes.
1538416547804	Marionette	INFO	Listening on port 53841
1538416547888	Marionette	WARN	TLS certificate errors will be ignored for this session
1538416547938	Marionette	DEBUG	[4294967297] Frame script loaded
1538416547954	Marionette	DEBUG	[4294967297] Frame script registered
1538416547988	Marionette	DEBUG	[4294967297] Received DOM event beforeunload for about:blank
2018-10-01 11:55:48.307 plugin-container[87943:3182223] *** CFMessagePort: bootstrap_register(): failed 1100 (0x44c) 'Permission denied', port = 0x913b, name = 'com.apple.tsm.portname'
See /usr/include/servers/bootstrap_defs.h for the error codes.
1538416548394	Marionette	DEBUG	[4294967297] Received DOM event pagehide for about:blank
1538416549916	Marionette	DEBUG	[4294967297] Received DOM event DOMContentLoaded for https://selenium-python.readthedocs.io/getting-started.html
1538416551260	Marionette	DEBUG	[4294967297] Received DOM event pageshow for https://selenium-python.readthedocs.io/getting-started.html
1538416551379	Marionette	DEBUG	[4294967297] Received DOM event beforeunload for https://selenium-python.readthedocs.io/getting-started.html
1538416551386	Marionette	DEBUG	[4294967297] Received DOM event pagehide for https://selenium-python.readthedocs.io/getting-started.html
1538416551386	Marionette	DEBUG	[4294967297] Received DOM event unload for https://selenium-python.readthedocs.io/getting-started.html
1538416551660	Marionette	DEBUG	[4294967297] Received DOM event DOMContentLoaded for https://selenium-python.readthedocs.io/navigating.html
1538416552153	Marionette	DEBUG	[4294967297] Received DOM event pageshow for https://selenium-python.readthedocs.io/navigating.html
1538416566769	mozrunner::runner	INFO	Running command: "/Applications/Firefox.app/Contents/MacOS/firefox-bin" "-marionette" "-foreground" "-no-remote" "-profile" "/var/folders/84/zd77fql93psgwwm74fpvd3l10lxmwx/T/rust_mozprofile.hS4OUl1uA5Eu"
2018-10-01 11:56:09.975 plugin-container[87968:3182926] *** CFMessagePort: bootstrap_register(): failed 1100 (0x44c) 'Permission denied', port = 0x9f07, name = 'com.apple.tsm.portname'
See /usr/include/servers/bootstrap_defs.h for the error codes.
2018-10-01 11:56:10.407 plugin-container[87969:3182955] *** CFMessagePort: bootstrap_register(): failed 1100 (0x44c) 'Permission denied', port = 0x9b37, name = 'com.apple.tsm.portname'
See /usr/include/servers/bootstrap_defs.h for the error codes.
1538416570604	Marionette	INFO	Listening on port 53952
1538416570701	Marionette	WARN	TLS certificate errors will be ignored for this session
1538416570775	Marionette	DEBUG	[4294967297] Frame script loaded
1538416570776	Marionette	DEBUG	[4294967297] Frame script registered
1538416570823	Marionette	DEBUG	[4294967297] Received DOM event beforeunload for about:blank
1538416571015	Marionette	INFO	Stopped listening on port 53841
1538416571201	Marionette	DEBUG	[4294967297] Received DOM event pagehide for about:blank
2018-10-01 11:56:12.190 plugin-container[87970:3183084] *** CFMessagePort: bootstrap_register(): failed 1100 (0x44c) 'Permission denied', port = 0x9337, name = 'com.apple.tsm.portname'
See /usr/include/servers/bootstrap_defs.h for the error codes.
1538416573185	Marionette	DEBUG	[4294967297] Received DOM event DOMContentLoaded for https://selenium-python.readthedocs.io/getting-started.html
1538416574270	Marionette	DEBUG	[4294967297] Received DOM event pageshow for https://selenium-python.readthedocs.io/getting-started.html
1538416574367	Marionette	DEBUG	[4294967297] Received DOM event beforeunload for https://selenium-python.readthedocs.io/getting-started.html
1538416574476	Marionette	DEBUG	[4294967297] Received DOM event pagehide for https://selenium-python.readthedocs.io/getting-started.html
1538416574477	Marionette	DEBUG	[4294967297] Received DOM event unload for https://selenium-python.readthedocs.io/getting-started.html
1538416574780	Marionette	DEBUG	[4294967297] Received DOM event DOMContentLoaded for https://selenium-python.readthedocs.io/navigating.html
1538416575320	Marionette	DEBUG	[4294967297] Received DOM event pageshow for https://selenium-python.readthedocs.io/navigating.html
1538418081293	Marionette	INFO	Stopped listening on port 53952
1538418502311	Marionette	INFO	Stopped listening on port 53509
